  -------------------------------------------------------------------------------
  MSX SDCC Make Script Copyright
  version 00.05.01 - Codename Baltazar
  Build Debug Level 150
  -------------------------------------------------------------------------------
  Filesystem settings...
  Current dir: C:\DevArea\MSX\projects\MSX Projects\Snake
  Target file: .\MSXAPP.ROM
  Object path: .\Release\objs
  Binary path: .\Release\bin
  MSX dev path: .\..\..\..
  MSX lib path: .\..\..\..\libs
  -------------------------------------------------------------------------------
  Making a small housecleaning.
  Done housecleaning.
  -------------------------------------------------------------------------------
  Building application settings file...
  Adding specific ROM settings...
  Done building application settings file.
  -------------------------------------------------------------------------------
  Collecting include cirectories...
  Collected .
  Collected ..\..\..\libs\fusion-c\header
  Done collecting include directories.
  -------------------------------------------------------------------------------
  Building application modules...
  Processing ASM file MSX\ROM\msxromcrt0.s...
  Processing C file msxromapp.c...
  Done building application modules.
  -------------------------------------------------------------------------------
  Collecting libraries...
  Collected ..\..\..\libs\fusion-c\lib\fusion.lib
  Done collecting libraries.
  -------------------------------------------------------------------------------
  Determining CODE-LOC...
  Analyzing Release\objs\msxromcrt0.rel...
  FILE_START is 0x4000.
  _HEADER segment size is 0x0000001C.
  CODE-LOC determined to be 0x0000401C.
  -------------------------------------------------------------------------------
  Compiling...
  ## sdcc --opt-code-size --code-loc 0x0000401C --data-loc 0xC000 -mz80 --no-std-crt0 "Release\objs\msxromcrt0.rel" "Release\objs\msxromapp.rel" "..\..\..\libs\fusion-c\lib\fusion.lib" -I"." -I"..\..\..\libs\fusion-c\header" -o "Release\objs\MSXAPP.IHX"
  Done compiling.
  -------------------------------------------------------------------------------
  Build MSX binary...
  hex2bin v2.5, Copyright (C) 2017 Jacques Pelletier & contributors
  
  Allocate_Memory_and_Rewind:
  Lowest address:   00004000
  Highest address:  00007FFF
  Starting address: 00004000
  Max Length:       16384
  
  Binary file start = 00004000
  Records start     = 00004000
  Highest address   = 00007FFF
  Pad Byte          = FF
  Done building MSX binary.
  -------------------------------------------------------------------------------
  Moving MSX binary...
  Release\objs\MSXAPP.ROM
          1 file(s) copied.
  Done moving MSX binary.
  -------------------------------------------------------------------------------
  Building symbol file...
  Done building symbol file.
  -------------------------------------------------------------------------------
  All set. Happy MSX'ing.
